<?xml version="1.0" encoding="UTF-8"?>
<!-- Generated by org.testng.reporters.JUnitReportReporter -->
<testsuite hostname="DESKTOP-88S9RBJ" failures="0" tests="5" name="scenarios.SecondTestCase" time="8.463" errors="0" timestamp="6 Apr 2021 20:33:12 GMT">
  <testcase classname="scenarios.SecondTestCase" name="searchCriteria" time="2.265"/>
  <testcase classname="scenarios.SecondTestCase" name="newAccountDetailsAndTermsConditions" time="4.962"/>
  <testcase classname="scenarios.SecondTestCase" name="newCustomerLink" time="0.496"/>
  <testcase classname="scenarios.SecondTestCase" name="newAccounts" time="0.626"/>
  <testcase classname="scenarios.SecondTestCase" name="validateEchoSupport" time="0.114"/>
</testsuite> <!-- scenarios.SecondTestCase -->
