<?xml version="1.0" encoding="UTF-8"?>
<!-- Generated by org.testng.reporters.JUnitReportReporter -->
<testsuite hostname="DESKTOP-88S9RBJ" failures="0" tests="5" name="scenarios.FirstTestCase" time="11.456" errors="0" timestamp="6 Apr 2021 05:53:49 GMT">
  <testcase classname="scenarios.FirstTestCase" name="validatePrices" time="1.266"/>
  <testcase classname="scenarios.FirstTestCase" name="getPrice" time="3.956"/>
  <testcase classname="scenarios.FirstTestCase" name="clickCartButton" time="2.779"/>
  <testcase classname="scenarios.FirstTestCase" name="phoneSearch" time="2.511"/>
  <testcase classname="scenarios.FirstTestCase" name="shopCartPageValidation" time="0.944"/>
</testsuite> <!-- scenarios.FirstTestCase -->
