<?xml version="1.0" encoding="UTF-8"?>
<!-- Generated by org.testng.reporters.JUnitReportReporter -->
<testsuite hostname="DESKTOP-88S9RBJ" failures="0" tests="5" name="scenarios.CellphoneScenario" time="7.819" errors="0" timestamp="6 Apr 2021 04:42:40 GMT">
  <testcase classname="scenarios.CellphoneScenario" name="shopCartPageValidation" time="0.169"/>
  <testcase classname="scenarios.CellphoneScenario" name="getPrice" time="2.731"/>
  <testcase classname="scenarios.CellphoneScenario" name="clickCartButton" time="1.317"/>
  <testcase classname="scenarios.CellphoneScenario" name="validatePrices" time="1.112"/>
  <testcase classname="scenarios.CellphoneScenario" name="phoneSearch" time="2.490"/>
</testsuite> <!-- scenarios.CellphoneScenario -->
