<?xml version="1.0" encoding="UTF-8"?>
<!-- Generated by org.testng.reporters.JUnitReportReporter -->
<testsuite hostname="DESKTOP-88S9RBJ" failures="0" tests="5" name="scenarios.FirstTestCase" time="8.522" errors="0" timestamp="10 Apr 2021 00:56:56 GMT">
  <testcase classname="scenarios.FirstTestCase" name="validatePrices" time="1.057"/>
  <testcase classname="scenarios.FirstTestCase" name="phoneSearch" time="2.119"/>
  <testcase classname="scenarios.FirstTestCase" name="shopCartPageValidation" time="0.666"/>
  <testcase classname="scenarios.FirstTestCase" name="getPrice" time="2.979"/>
  <testcase classname="scenarios.FirstTestCase" name="clickCartButton" time="1.701"/>
</testsuite> <!-- scenarios.FirstTestCase -->
