<?xml version="1.0" encoding="UTF-8"?>
<!-- Generated by org.testng.reporters.JUnitReportReporter -->
<testsuite hostname="DESKTOP-88S9RBJ" failures="0" tests="5" name="scenarios.CellphoneScenario" time="7.374" errors="0" timestamp="6 Apr 2021 03:20:31 GMT">
  <testcase classname="scenarios.CellphoneScenario" name="shopCartPageValidation" time="0.126"/>
  <testcase classname="scenarios.CellphoneScenario" name="clickCartButton" time="1.339"/>
  <testcase classname="scenarios.CellphoneScenario" name="phoneSearch" time="1.987"/>
  <testcase classname="scenarios.CellphoneScenario" name="getPrice" time="2.826"/>
  <testcase classname="scenarios.CellphoneScenario" name="validatePrices" time="1.096"/>
</testsuite> <!-- scenarios.CellphoneScenario -->
