<?xml version="1.0" encoding="UTF-8"?>
<!-- Generated by org.testng.reporters.JUnitReportReporter -->
<testsuite hostname="DESKTOP-88S9RBJ" failures="0" tests="5" name="scenarios.FirstTestCase" time="8.156" errors="0" timestamp="6 Apr 2021 19:28:13 GMT">
  <testcase classname="scenarios.FirstTestCase" name="validatePrices" time="1.480"/>
  <testcase classname="scenarios.FirstTestCase" name="phoneSearch" time="1.977"/>
  <testcase classname="scenarios.FirstTestCase" name="shopCartPageValidation" time="0.643"/>
  <testcase classname="scenarios.FirstTestCase" name="getPrice" time="2.672"/>
  <testcase classname="scenarios.FirstTestCase" name="clickCartButton" time="1.384"/>
</testsuite> <!-- scenarios.FirstTestCase -->
