<?xml version="1.0" encoding="UTF-8"?>
<!-- Generated by org.testng.reporters.JUnitReportReporter -->
<testsuite hostname="DESKTOP-88S9RBJ" failures="0" tests="5" name="scenarios.FirstTestCase" time="10.047" errors="0" timestamp="6 Apr 2021 05:27:36 GMT">
  <testcase classname="scenarios.FirstTestCase" name="getPrice" time="3.165"/>
  <testcase classname="scenarios.FirstTestCase" name="clickCartButton" time="2.197"/>
  <testcase classname="scenarios.FirstTestCase" name="validatePrices" time="1.504"/>
  <testcase classname="scenarios.FirstTestCase" name="shopCartPageValidation" time="0.722"/>
  <testcase classname="scenarios.FirstTestCase" name="phoneSearch" time="2.459"/>
</testsuite> <!-- scenarios.FirstTestCase -->
