<?xml version="1.0" encoding="UTF-8"?>
<!-- Generated by org.testng.reporters.JUnitReportReporter -->
<testsuite hostname="DESKTOP-88S9RBJ" failures="0" tests="5" name="scenarios.FirstTestCase" time="9.536" errors="0" timestamp="6 Apr 2021 21:48:54 GMT">
  <testcase classname="scenarios.FirstTestCase" name="clickCartButton" time="2.097"/>
  <testcase classname="scenarios.FirstTestCase" name="getPrice" time="3.141"/>
  <testcase classname="scenarios.FirstTestCase" name="validatePrices" time="1.460"/>
  <testcase classname="scenarios.FirstTestCase" name="phoneSearch" time="2.183"/>
  <testcase classname="scenarios.FirstTestCase" name="shopCartPageValidation" time="0.655"/>
</testsuite> <!-- scenarios.FirstTestCase -->
