<?xml version="1.0" encoding="UTF-8"?>
<!-- Generated by org.testng.reporters.JUnitReportReporter -->
<testsuite hostname="DESKTOP-88S9RBJ" failures="0" tests="5" name="scenarios.CellphoneScenario" time="10.062" errors="0" timestamp="6 Apr 2021 05:22:33 GMT">
  <testcase classname="scenarios.CellphoneScenario" name="getPrice" time="2.810"/>
  <testcase classname="scenarios.CellphoneScenario" name="clickCartButton" time="2.062"/>
  <testcase classname="scenarios.CellphoneScenario" name="validatePrices" time="2.109"/>
  <testcase classname="scenarios.CellphoneScenario" name="shopCartPageValidation" time="1.021"/>
  <testcase classname="scenarios.CellphoneScenario" name="phoneSearch" time="2.060"/>
</testsuite> <!-- scenarios.CellphoneScenario -->
