<?xml version="1.0" encoding="UTF-8"?>
<!-- Generated by org.testng.reporters.JUnitReportReporter -->
<testsuite hostname="DESKTOP-88S9RBJ" failures="0" tests="5" name="scenarios.SecondTestCase" time="4.273" errors="0" timestamp="6 Apr 2021 21:48:54 GMT">
  <testcase classname="scenarios.SecondTestCase" name="validateEchoSupport" time="0.118"/>
  <testcase classname="scenarios.SecondTestCase" name="newAccounts" time="0.693"/>
  <testcase classname="scenarios.SecondTestCase" name="newCustomerLink" time="0.397"/>
  <testcase classname="scenarios.SecondTestCase" name="searchCriteria" time="1.134"/>
  <testcase classname="scenarios.SecondTestCase" name="newAccountDetailsAndTermsConditions" time="1.931"/>
</testsuite> <!-- scenarios.SecondTestCase -->
